{"uid":"8a93f609d7160461","name":"Para Çekme Yeni Hesap","fullName":"org.example.tests.BtcAITests.IOS.ChatTest.testParaCekmeYeniHesapFlow","historyId":"de28d84d8d07fc7a2ccb7b28eb925579","time":{"start":1751224221414,"stop":1751224311243,"duration":89829},"status":"broken","statusMessage":"An element could not be located on the page using the given search parameters.\nFor documentation on this error, please visit: https://www.selenium.dev/documentation/webdriver/troubleshooting/errors#no-such-element-exception\nBuild info: version: '4.15.0', revision: '1d14b5521b'\nSystem info: os.name: 'Mac OS X', os.arch: 'x86_64', os.version: '13.5.2', java.version: '11.0.15.1'\nDriver info: io.appium.java_client.ios.IOSDriver\nCommand: [002b143a-36bf-415d-8ab2-7297e8d2b8ca, findElement {using=accessibility id, value=Hesabınızdan para çekme işlemi gerçekleşti.}]\nCapabilities {appium:app: https://console.momentumsui..., appium:autoAcceptAlerts: true, appium:autoDismissAlerts: true, appium:automationName: XCUITest, appium:databaseEnabled: false, appium:deviceName: 00008120-000264103433401E, appium:fullReset: true, appium:javascriptEnabled: true, appium:language: tr, appium:locale: tr_TR, appium:locationContextEnabled: false, appium:networkConnectionEnabled: false, appium:noReset: false, appium:takesScreenshot: true, appium:udid: 00008120-000264103433401E, appium:wdaLocalPort: 6060, appium:webStorageEnabled: false, appium:webkitDebugProxyPort: 6060, momentum:options: {gw: 4060, token: sncR7c22hHt4rSiaFuE2y1El52R..., user: hakan.tektas@mobven.com}, platformName: IOS}\nSession ID: 002b143a-36bf-415d-8ab2-7297e8d2b8ca","statusTrace":"org.openqa.selenium.NoSuchElementException: An element could not be located on the page using the given search parameters.\nFor documentation on this error, please visit: https://www.selenium.dev/documentation/webdriver/troubleshooting/errors#no-such-element-exception\nBuild info: version: '4.15.0', revision: '1d14b5521b'\nSystem info: os.name: 'Mac OS X', os.arch: 'x86_64', os.version: '13.5.2', java.version: '11.0.15.1'\nDriver info: io.appium.java_client.ios.IOSDriver\nCommand: [002b143a-36bf-415d-8ab2-7297e8d2b8ca, findElement {using=accessibility id, value=Hesabınızdan para çekme işlemi gerçekleşti.}]\nCapabilities {appium:app: https://console.momentumsui..., appium:autoAcceptAlerts: true, appium:autoDismissAlerts: true, appium:automationName: XCUITest, appium:databaseEnabled: false, appium:deviceName: 00008120-000264103433401E, appium:fullReset: true, appium:javascriptEnabled: true, appium:language: tr, appium:locale: tr_TR, appium:locationContextEnabled: false, appium:networkConnectionEnabled: false, appium:noReset: false, appium:takesScreenshot: true, appium:udid: 00008120-000264103433401E, appium:wdaLocalPort: 6060, appium:webStorageEnabled: false, appium:webkitDebugProxyPort: 6060, momentum:options: {gw: 4060, token: sncR7c22hHt4rSiaFuE2y1El52R..., user: hakan.tektas@mobven.com}, platformName: IOS}\nSession ID: 002b143a-36bf-415d-8ab2-7297e8d2b8ca\n\tat jdk.internal.reflect.GeneratedConstructorAccessor19.newInstance(Unknown Source)\n\tat java.base/jdk.internal.reflect.DelegatingConstructorAccessorImpl.newInstance(DelegatingConstructorAccessorImpl.java:45)\n\tat java.base/java.lang.reflect.Constructor.newInstance(Constructor.java:490)\n\tat org.openqa.selenium.remote.codec.w3c.W3CHttpResponseCodec.createException(W3CHttpResponseCodec.java:200)\n\tat org.openqa.selenium.remote.codec.w3c.W3CHttpResponseCodec.decode(W3CHttpResponseCodec.java:133)\n\tat org.openqa.selenium.remote.codec.w3c.W3CHttpResponseCodec.decode(W3CHttpResponseCodec.java:52)\n\tat org.openqa.selenium.remote.HttpCommandExecutor.execute(HttpCommandExecutor.java:191)\n\tat io.appium.java_client.remote.AppiumCommandExecutor.execute(AppiumCommandExecutor.java:238)\n\tat org.openqa.selenium.remote.RemoteWebDriver.execute(RemoteWebDriver.java:607)\n\tat org.openqa.selenium.remote.ElementLocation$ElementFinder$2.findElement(ElementLocation.java:165)\n\tat org.openqa.selenium.remote.ElementLocation.findElement(ElementLocation.java:59)\n\tat org.openqa.selenium.remote.RemoteWebDriver.findElement(RemoteWebDriver.java:364)\n\tat org.openqa.selenium.remote.RemoteWebDriver.findElement(RemoteWebDriver.java:358)\n\tat org.example.utils.MobileTestUtils.assertElementText(MobileTestUtils.java:512)\n\tat org.example.pages.BtcAIApps.IOS.ChatPage.paraCekmeFlow(ChatPage.java:201)\n\tat org.example.tests.BtcAITests.IOS.ChatTest.testParaCekmeYeniHesapFlow(ChatTest.java:48)\n\tat java.base/jdk.internal.reflect.NativeMethodAccessorImpl.invoke0(Native Method)\n\tat java.base/jdk.internal.reflect.NativeMethodAccessorImpl.invoke(NativeMethodAccessorImpl.java:62)\n\tat java.base/jdk.internal.reflect.DelegatingMethodAccessorImpl.invoke(DelegatingMethodAccessorImpl.java:43)\n\tat java.base/java.lang.reflect.Method.invoke(Method.java:566)\n\tat org.testng.internal.invokers.MethodInvocationHelper.invokeMethod(MethodInvocationHelper.java:139)\n\tat org.testng.internal.invokers.TestInvoker.invokeMethod(TestInvoker.java:664)\n\tat org.testng.internal.invokers.TestInvoker.invokeTestMethod(TestInvoker.java:227)\n\tat org.testng.internal.invokers.MethodRunner.runInSequence(MethodRunner.java:50)\n\tat org.testng.internal.invokers.TestInvoker$MethodInvocationAgent.invoke(TestInvoker.java:957)\n\tat org.testng.internal.invokers.TestInvoker.invokeTestMethods(TestInvoker.java:200)\n\tat org.testng.internal.invokers.TestMethodWorker.invokeTestMethods(TestMethodWorker.java:148)\n\tat org.testng.internal.invokers.TestMethodWorker.run(TestMethodWorker.java:128)\n\tat java.base/java.util.ArrayList.forEach(ArrayList.java:1541)\n\tat org.testng.TestRunner.privateRun(TestRunner.java:848)\n\tat org.testng.TestRunner.run(TestRunner.java:621)\n\tat org.testng.SuiteRunner.runTest(SuiteRunner.java:443)\n\tat org.testng.SuiteRunner$SuiteWorker.run(SuiteRunner.java:481)\n\tat org.testng.internal.thread.ThreadUtil.lambda$execute$0(ThreadUtil.java:58)\n\tat java.base/java.util.concurrent.FutureTask.run(FutureTask.java:264)\n\tat java.base/java.util.concurrent.ThreadPoolExecutor.runWorker(ThreadPoolExecutor.java:1128)\n\tat java.base/java.util.concurrent.ThreadPoolExecutor$Worker.run(ThreadPoolExecutor.java:628)\n\tat java.base/java.lang.Thread.run(Thread.java:834)\n","flaky":false,"newFailed":false,"newBroken":false,"newPassed":false,"retriesCount":0,"retriesStatusChange":false,"beforeStages":[],"testStage":{"status":"broken","statusMessage":"An element could not be located on the page using the given search parameters.\nFor documentation on this error, please visit: https://www.selenium.dev/documentation/webdriver/troubleshooting/errors#no-such-element-exception\nBuild info: version: '4.15.0', revision: '1d14b5521b'\nSystem info: os.name: 'Mac OS X', os.arch: 'x86_64', os.version: '13.5.2', java.version: '11.0.15.1'\nDriver info: io.appium.java_client.ios.IOSDriver\nCommand: [002b143a-36bf-415d-8ab2-7297e8d2b8ca, findElement {using=accessibility id, value=Hesabınızdan para çekme işlemi gerçekleşti.}]\nCapabilities {appium:app: https://console.momentumsui..., appium:autoAcceptAlerts: true, appium:autoDismissAlerts: true, appium:automationName: XCUITest, appium:databaseEnabled: false, appium:deviceName: 00008120-000264103433401E, appium:fullReset: true, appium:javascriptEnabled: true, appium:language: tr, appium:locale: tr_TR, appium:locationContextEnabled: false, appium:networkConnectionEnabled: false, appium:noReset: false, appium:takesScreenshot: true, appium:udid: 00008120-000264103433401E, appium:wdaLocalPort: 6060, appium:webStorageEnabled: false, appium:webkitDebugProxyPort: 6060, momentum:options: {gw: 4060, token: sncR7c22hHt4rSiaFuE2y1El52R..., user: hakan.tektas@mobven.com}, platformName: IOS}\nSession ID: 002b143a-36bf-415d-8ab2-7297e8d2b8ca","statusTrace":"org.openqa.selenium.NoSuchElementException: An element could not be located on the page using the given search parameters.\nFor documentation on this error, please visit: https://www.selenium.dev/documentation/webdriver/troubleshooting/errors#no-such-element-exception\nBuild info: version: '4.15.0', revision: '1d14b5521b'\nSystem info: os.name: 'Mac OS X', os.arch: 'x86_64', os.version: '13.5.2', java.version: '11.0.15.1'\nDriver info: io.appium.java_client.ios.IOSDriver\nCommand: [002b143a-36bf-415d-8ab2-7297e8d2b8ca, findElement {using=accessibility id, value=Hesabınızdan para çekme işlemi gerçekleşti.}]\nCapabilities {appium:app: https://console.momentumsui..., appium:autoAcceptAlerts: true, appium:autoDismissAlerts: true, appium:automationName: XCUITest, appium:databaseEnabled: false, appium:deviceName: 00008120-000264103433401E, appium:fullReset: true, appium:javascriptEnabled: true, appium:language: tr, appium:locale: tr_TR, appium:locationContextEnabled: false, appium:networkConnectionEnabled: false, appium:noReset: false, appium:takesScreenshot: true, appium:udid: 00008120-000264103433401E, appium:wdaLocalPort: 6060, appium:webStorageEnabled: false, appium:webkitDebugProxyPort: 6060, momentum:options: {gw: 4060, token: sncR7c22hHt4rSiaFuE2y1El52R..., user: hakan.tektas@mobven.com}, platformName: IOS}\nSession ID: 002b143a-36bf-415d-8ab2-7297e8d2b8ca\n\tat jdk.internal.reflect.GeneratedConstructorAccessor19.newInstance(Unknown Source)\n\tat java.base/jdk.internal.reflect.DelegatingConstructorAccessorImpl.newInstance(DelegatingConstructorAccessorImpl.java:45)\n\tat java.base/java.lang.reflect.Constructor.newInstance(Constructor.java:490)\n\tat org.openqa.selenium.remote.codec.w3c.W3CHttpResponseCodec.createException(W3CHttpResponseCodec.java:200)\n\tat org.openqa.selenium.remote.codec.w3c.W3CHttpResponseCodec.decode(W3CHttpResponseCodec.java:133)\n\tat org.openqa.selenium.remote.codec.w3c.W3CHttpResponseCodec.decode(W3CHttpResponseCodec.java:52)\n\tat org.openqa.selenium.remote.HttpCommandExecutor.execute(HttpCommandExecutor.java:191)\n\tat io.appium.java_client.remote.AppiumCommandExecutor.execute(AppiumCommandExecutor.java:238)\n\tat org.openqa.selenium.remote.RemoteWebDriver.execute(RemoteWebDriver.java:607)\n\tat org.openqa.selenium.remote.ElementLocation$ElementFinder$2.findElement(ElementLocation.java:165)\n\tat org.openqa.selenium.remote.ElementLocation.findElement(ElementLocation.java:59)\n\tat org.openqa.selenium.remote.RemoteWebDriver.findElement(RemoteWebDriver.java:364)\n\tat org.openqa.selenium.remote.RemoteWebDriver.findElement(RemoteWebDriver.java:358)\n\tat org.example.utils.MobileTestUtils.assertElementText(MobileTestUtils.java:512)\n\tat org.example.pages.BtcAIApps.IOS.ChatPage.paraCekmeFlow(ChatPage.java:201)\n\tat org.example.tests.BtcAITests.IOS.ChatTest.testParaCekmeYeniHesapFlow(ChatTest.java:48)\n\tat java.base/jdk.internal.reflect.NativeMethodAccessorImpl.invoke0(Native Method)\n\tat java.base/jdk.internal.reflect.NativeMethodAccessorImpl.invoke(NativeMethodAccessorImpl.java:62)\n\tat java.base/jdk.internal.reflect.DelegatingMethodAccessorImpl.invoke(DelegatingMethodAccessorImpl.java:43)\n\tat java.base/java.lang.reflect.Method.invoke(Method.java:566)\n\tat org.testng.internal.invokers.MethodInvocationHelper.invokeMethod(MethodInvocationHelper.java:139)\n\tat org.testng.internal.invokers.TestInvoker.invokeMethod(TestInvoker.java:664)\n\tat org.testng.internal.invokers.TestInvoker.invokeTestMethod(TestInvoker.java:227)\n\tat org.testng.internal.invokers.MethodRunner.runInSequence(MethodRunner.java:50)\n\tat org.testng.internal.invokers.TestInvoker$MethodInvocationAgent.invoke(TestInvoker.java:957)\n\tat org.testng.internal.invokers.TestInvoker.invokeTestMethods(TestInvoker.java:200)\n\tat org.testng.internal.invokers.TestMethodWorker.invokeTestMethods(TestMethodWorker.java:148)\n\tat org.testng.internal.invokers.TestMethodWorker.run(TestMethodWorker.java:128)\n\tat java.base/java.util.ArrayList.forEach(ArrayList.java:1541)\n\tat org.testng.TestRunner.privateRun(TestRunner.java:848)\n\tat org.testng.TestRunner.run(TestRunner.java:621)\n\tat org.testng.SuiteRunner.runTest(SuiteRunner.java:443)\n\tat org.testng.SuiteRunner$SuiteWorker.run(SuiteRunner.java:481)\n\tat org.testng.internal.thread.ThreadUtil.lambda$execute$0(ThreadUtil.java:58)\n\tat java.base/java.util.concurrent.FutureTask.run(FutureTask.java:264)\n\tat java.base/java.util.concurrent.ThreadPoolExecutor.runWorker(ThreadPoolExecutor.java:1128)\n\tat java.base/java.util.concurrent.ThreadPoolExecutor$Worker.run(ThreadPoolExecutor.java:628)\n\tat java.base/java.lang.Thread.run(Thread.java:834)\n","steps":[],"attachments":[{"uid":"86cd4ab1ed8f23ab","name":"[INFO] clickIfExists: AppiumBy.accessibilityId: Keyboard - Screenshot","source":"86cd4ab1ed8f23ab.png","type":"image/png","size":475054},{"uid":"6d0ab815795c6780","name":"[INFO]  tapCenter - Screenshot","source":"6d0ab815795c6780.png","type":"image/png","size":498815},{"uid":"22f1db2a59490a33","name":"[INFO] Döngü Sonu Input Value - Screenshot","source":"22f1db2a59490a33.png","type":"image/png","size":496497},{"uid":"ef0b1aa5f2c37b77","name":"[INFO] inputValue-success - Screenshot","source":"ef0b1aa5f2c37b77.png","type":"image/png","size":513289},{"uid":"1fde5f338e11b472","name":"[INFO] ... - Screenshot","source":"1fde5f338e11b472.png","type":"image/png","size":545474},{"uid":"ba39f0af24e01cbc","name":"[INFO] ... - Screenshot","source":"ba39f0af24e01cbc.png","type":"image/png","size":580118},{"uid":"ca6c427885d991b3","name":"[INFO] Döngü Sonu Input Value - Screenshot","source":"ca6c427885d991b3.png","type":"image/png","size":514886},{"uid":"17a0a0b3485bdb92","name":"[INFO] inputValue-success - Screenshot","source":"17a0a0b3485bdb92.png","type":"image/png","size":513944},{"uid":"dd0bc2d85988842a","name":"[INFO]  tapCenter - Screenshot","source":"dd0bc2d85988842a.png","type":"image/png","size":512331}],"parameters":[],"stepsCount":0,"shouldDisplayMessage":true,"attachmentsCount":9,"hasContent":true,"attachmentStep":false},"afterStages":[],"labels":[{"name":"package","value":"org.example.tests.BtcAITests.IOS.ChatTest"},{"name":"testClass","value":"org.example.tests.BtcAITests.IOS.ChatTest"},{"name":"testMethod","value":"testParaCekmeYeniHesapFlow"},{"name":"parentSuite","value":"CloudIosParallelSuite"},{"name":"suite","value":"iPhone 15"},{"name":"subSuite","value":"org.example.tests.BtcAITests.IOS.ChatTest"},{"name":"host","value":"192.168.1.13"},{"name":"thread","value":"49923@192.168.1.13.TestNG-tests-1(22)"},{"name":"framework","value":"testng"},{"name":"language","value":"java"},{"name":"resultFormat","value":"allure2"}],"parameters":[{"name":"appPath","value":"ms://bf8d3b3e7299462987f7748d0b8211ab"},{"name":"deviceId","value":"4060"},{"name":"platform","value":"ios"},{"name":"runMode","value":"CLOUD"}],"links":[],"hidden":false,"retry":false,"extra":{"severity":"normal","retries":[],"categories":[{"name":"Test defects","matchedStatuses":[],"flaky":false}],"tags":[]},"source":"8a93f609d7160461.json","parameterValues":["ms://bf8d3b3e7299462987f7748d0b8211ab","4060","ios","CLOUD"]}