{"uid":"aca2a4bd0a0deb6a","name":"Para Çekme Yeni Hesap","fullName":"org.example.tests.BtcAITests.IOS.ChatTest.testParaCekmeYeniHesapFlow","historyId":"2c4b7236066dcd92a954e5889b93d446","time":{"start":1751222981635,"stop":1751223064875,"duration":83240},"status":"broken","statusMessage":"An element could not be located on the page using the given search parameters.\nFor documentation on this error, please visit: https://www.selenium.dev/documentation/webdriver/troubleshooting/errors#no-such-element-exception\nBuild info: version: '4.15.0', revision: '1d14b5521b'\nSystem info: os.name: 'Mac OS X', os.arch: 'x86_64', os.version: '13.5.2', java.version: '11.0.15.1'\nDriver info: io.appium.java_client.ios.IOSDriver\nCommand: [773761f0-fbbd-46b0-8d95-79bf4761894c, findElement {using=accessibility id, value=Hesabınızdan para çekme işlemi gerçekleşti.}]\nCapabilities {appium:app: https://console.momentumsui..., appium:autoAcceptAlerts: true, appium:autoDismissAlerts: true, appium:automationName: XCUITest, appium:databaseEnabled: false, appium:deviceName: 00008110-00110D26016A801E, appium:fullReset: true, appium:javascriptEnabled: true, appium:language: tr, appium:locale: tr_TR, appium:locationContextEnabled: false, appium:networkConnectionEnabled: false, appium:noReset: false, appium:takesScreenshot: true, appium:udid: 00008110-00110D26016A801E, appium:wdaLocalPort: 6002, appium:webStorageEnabled: false, appium:webkitDebugProxyPort: 6002, momentum:options: {gw: 4002, token: sncR7c22hHt4rSiaFuE2y1El52R..., user: hakan.tektas@mobven.com}, platformName: IOS}\nSession ID: 773761f0-fbbd-46b0-8d95-79bf4761894c","statusTrace":"org.openqa.selenium.NoSuchElementException: An element could not be located on the page using the given search parameters.\nFor documentation on this error, please visit: https://www.selenium.dev/documentation/webdriver/troubleshooting/errors#no-such-element-exception\nBuild info: version: '4.15.0', revision: '1d14b5521b'\nSystem info: os.name: 'Mac OS X', os.arch: 'x86_64', os.version: '13.5.2', java.version: '11.0.15.1'\nDriver info: io.appium.java_client.ios.IOSDriver\nCommand: [773761f0-fbbd-46b0-8d95-79bf4761894c, findElement {using=accessibility id, value=Hesabınızdan para çekme işlemi gerçekleşti.}]\nCapabilities {appium:app: https://console.momentumsui..., appium:autoAcceptAlerts: true, appium:autoDismissAlerts: true, appium:automationName: XCUITest, appium:databaseEnabled: false, appium:deviceName: 00008110-00110D26016A801E, appium:fullReset: true, appium:javascriptEnabled: true, appium:language: tr, appium:locale: tr_TR, appium:locationContextEnabled: false, appium:networkConnectionEnabled: false, appium:noReset: false, appium:takesScreenshot: true, appium:udid: 00008110-00110D26016A801E, appium:wdaLocalPort: 6002, appium:webStorageEnabled: false, appium:webkitDebugProxyPort: 6002, momentum:options: {gw: 4002, token: sncR7c22hHt4rSiaFuE2y1El52R..., user: hakan.tektas@mobven.com}, platformName: IOS}\nSession ID: 773761f0-fbbd-46b0-8d95-79bf4761894c\n\tat jdk.internal.reflect.GeneratedConstructorAccessor19.newInstance(Unknown Source)\n\tat java.base/jdk.internal.reflect.DelegatingConstructorAccessorImpl.newInstance(DelegatingConstructorAccessorImpl.java:45)\n\tat java.base/java.lang.reflect.Constructor.newInstance(Constructor.java:490)\n\tat org.openqa.selenium.remote.codec.w3c.W3CHttpResponseCodec.createException(W3CHttpResponseCodec.java:200)\n\tat org.openqa.selenium.remote.codec.w3c.W3CHttpResponseCodec.decode(W3CHttpResponseCodec.java:133)\n\tat org.openqa.selenium.remote.codec.w3c.W3CHttpResponseCodec.decode(W3CHttpResponseCodec.java:52)\n\tat org.openqa.selenium.remote.HttpCommandExecutor.execute(HttpCommandExecutor.java:191)\n\tat io.appium.java_client.remote.AppiumCommandExecutor.execute(AppiumCommandExecutor.java:238)\n\tat org.openqa.selenium.remote.RemoteWebDriver.execute(RemoteWebDriver.java:607)\n\tat org.openqa.selenium.remote.ElementLocation$ElementFinder$2.findElement(ElementLocation.java:165)\n\tat org.openqa.selenium.remote.ElementLocation.findElement(ElementLocation.java:59)\n\tat org.openqa.selenium.remote.RemoteWebDriver.findElement(RemoteWebDriver.java:364)\n\tat org.openqa.selenium.remote.RemoteWebDriver.findElement(RemoteWebDriver.java:358)\n\tat org.example.utils.MobileTestUtils.assertElementText(MobileTestUtils.java:512)\n\tat org.example.pages.BtcAIApps.IOS.ChatPage.paraCekmeFlow(ChatPage.java:201)\n\tat org.example.tests.BtcAITests.IOS.ChatTest.testParaCekmeYeniHesapFlow(ChatTest.java:48)\n\tat java.base/jdk.internal.reflect.NativeMethodAccessorImpl.invoke0(Native Method)\n\tat java.base/jdk.internal.reflect.NativeMethodAccessorImpl.invoke(NativeMethodAccessorImpl.java:62)\n\tat java.base/jdk.internal.reflect.DelegatingMethodAccessorImpl.invoke(DelegatingMethodAccessorImpl.java:43)\n\tat java.base/java.lang.reflect.Method.invoke(Method.java:566)\n\tat org.testng.internal.invokers.MethodInvocationHelper.invokeMethod(MethodInvocationHelper.java:139)\n\tat org.testng.internal.invokers.TestInvoker.invokeMethod(TestInvoker.java:664)\n\tat org.testng.internal.invokers.TestInvoker.invokeTestMethod(TestInvoker.java:227)\n\tat org.testng.internal.invokers.MethodRunner.runInSequence(MethodRunner.java:50)\n\tat org.testng.internal.invokers.TestInvoker$MethodInvocationAgent.invoke(TestInvoker.java:957)\n\tat org.testng.internal.invokers.TestInvoker.invokeTestMethods(TestInvoker.java:200)\n\tat org.testng.internal.invokers.TestMethodWorker.invokeTestMethods(TestMethodWorker.java:148)\n\tat org.testng.internal.invokers.TestMethodWorker.run(TestMethodWorker.java:128)\n\tat java.base/java.util.ArrayList.forEach(ArrayList.java:1541)\n\tat org.testng.TestRunner.privateRun(TestRunner.java:848)\n\tat org.testng.TestRunner.run(TestRunner.java:621)\n\tat org.testng.SuiteRunner.runTest(SuiteRunner.java:443)\n\tat org.testng.SuiteRunner$SuiteWorker.run(SuiteRunner.java:481)\n\tat org.testng.internal.thread.ThreadUtil.lambda$execute$0(ThreadUtil.java:58)\n\tat java.base/java.util.concurrent.FutureTask.run(FutureTask.java:264)\n\tat java.base/java.util.concurrent.ThreadPoolExecutor.runWorker(ThreadPoolExecutor.java:1128)\n\tat java.base/java.util.concurrent.ThreadPoolExecutor$Worker.run(ThreadPoolExecutor.java:628)\n\tat java.base/java.lang.Thread.run(Thread.java:834)\n","flaky":false,"newFailed":false,"newBroken":false,"newPassed":false,"retriesCount":0,"retriesStatusChange":false,"beforeStages":[{"name":"beforeMethod","time":{"start":1751222939404,"stop":1751222940491,"duration":1087},"description":"","status":"passed","steps":[{"name":"[INFO] [START] Test: testParaCekmeYeniHesapFlow","time":{"start":1751222939405,"stop":1751222939405,"duration":0},"status":"passed","steps":[],"attachments":[],"parameters":[],"stepsCount":0,"shouldDisplayMessage":false,"attachmentsCount":0,"hasContent":false,"attachmentStep":false}],"attachments":[{"uid":"44fa9cefad163941","name":"[INFO]","source":"44fa9cefad163941.txt","type":"text/plain","size":40},{"uid":"291a1c902069e39e","name":"[INFO] \uD83D\uDCF8 Test Başlangıcı - Screenshot","source":"291a1c902069e39e.png","type":"image/png","size":399318}],"parameters":[],"stepsCount":1,"shouldDisplayMessage":false,"attachmentsCount":2,"hasContent":true,"attachmentStep":false},{"name":"prepareTest","time":{"start":1751222940495,"stop":1751222981603,"duration":41108},"description":"","status":"passed","steps":[],"attachments":[{"uid":"914b6a3492c8b7a1","name":"[INFO] clickIfExists: AppiumBy.accessibilityId: close - Screenshot","source":"914b6a3492c8b7a1.png","type":"image/png","size":397434},{"uid":"7c19df4656c0417a","name":"[INFO] clickIfExists: AppiumBy.accessibilityId: Close - Screenshot","source":"7c19df4656c0417a.png","type":"image/png","size":501551},{"uid":"9ee2b265e99babfa","name":"[INFO] ... - Screenshot","source":"9ee2b265e99babfa.png","type":"image/png","size":501465},{"uid":"2624285e87ecd355","name":"[ERROR] clickIfExists:  - Screenshot","source":"2624285e87ecd355.png","type":"image/png","size":500892},{"uid":"dcf4612319b974e","name":"[INFO] ... - Screenshot","source":"dcf4612319b974e.png","type":"image/png","size":501318},{"uid":"b53ea08e20113b9a","name":"[INFO] Döngü Sonu Input Value - Screenshot","source":"b53ea08e20113b9a.png","type":"image/png","size":543492},{"uid":"a1ea3b9b6065cab7","name":"[INFO] inputValue-success - Screenshot","source":"a1ea3b9b6065cab7.png","type":"image/png","size":497593},{"uid":"ccc5915fdde5de1a","name":"[INFO] ... - Screenshot","source":"ccc5915fdde5de1a.png","type":"image/png","size":428448},{"uid":"2d266c79783d716b","name":"[INFO] Login - Screenshot","source":"2d266c79783d716b.png","type":"image/png","size":466846}],"parameters":[],"stepsCount":0,"shouldDisplayMessage":false,"attachmentsCount":9,"hasContent":true,"attachmentStep":false}],"testStage":{"status":"broken","statusMessage":"An element could not be located on the page using the given search parameters.\nFor documentation on this error, please visit: https://www.selenium.dev/documentation/webdriver/troubleshooting/errors#no-such-element-exception\nBuild info: version: '4.15.0', revision: '1d14b5521b'\nSystem info: os.name: 'Mac OS X', os.arch: 'x86_64', os.version: '13.5.2', java.version: '11.0.15.1'\nDriver info: io.appium.java_client.ios.IOSDriver\nCommand: [773761f0-fbbd-46b0-8d95-79bf4761894c, findElement {using=accessibility id, value=Hesabınızdan para çekme işlemi gerçekleşti.}]\nCapabilities {appium:app: https://console.momentumsui..., appium:autoAcceptAlerts: true, appium:autoDismissAlerts: true, appium:automationName: XCUITest, appium:databaseEnabled: false, appium:deviceName: 00008110-00110D26016A801E, appium:fullReset: true, appium:javascriptEnabled: true, appium:language: tr, appium:locale: tr_TR, appium:locationContextEnabled: false, appium:networkConnectionEnabled: false, appium:noReset: false, appium:takesScreenshot: true, appium:udid: 00008110-00110D26016A801E, appium:wdaLocalPort: 6002, appium:webStorageEnabled: false, appium:webkitDebugProxyPort: 6002, momentum:options: {gw: 4002, token: sncR7c22hHt4rSiaFuE2y1El52R..., user: hakan.tektas@mobven.com}, platformName: IOS}\nSession ID: 773761f0-fbbd-46b0-8d95-79bf4761894c","statusTrace":"org.openqa.selenium.NoSuchElementException: An element could not be located on the page using the given search parameters.\nFor documentation on this error, please visit: https://www.selenium.dev/documentation/webdriver/troubleshooting/errors#no-such-element-exception\nBuild info: version: '4.15.0', revision: '1d14b5521b'\nSystem info: os.name: 'Mac OS X', os.arch: 'x86_64', os.version: '13.5.2', java.version: '11.0.15.1'\nDriver info: io.appium.java_client.ios.IOSDriver\nCommand: [773761f0-fbbd-46b0-8d95-79bf4761894c, findElement {using=accessibility id, value=Hesabınızdan para çekme işlemi gerçekleşti.}]\nCapabilities {appium:app: https://console.momentumsui..., appium:autoAcceptAlerts: true, appium:autoDismissAlerts: true, appium:automationName: XCUITest, appium:databaseEnabled: false, appium:deviceName: 00008110-00110D26016A801E, appium:fullReset: true, appium:javascriptEnabled: true, appium:language: tr, appium:locale: tr_TR, appium:locationContextEnabled: false, appium:networkConnectionEnabled: false, appium:noReset: false, appium:takesScreenshot: true, appium:udid: 00008110-00110D26016A801E, appium:wdaLocalPort: 6002, appium:webStorageEnabled: false, appium:webkitDebugProxyPort: 6002, momentum:options: {gw: 4002, token: sncR7c22hHt4rSiaFuE2y1El52R..., user: hakan.tektas@mobven.com}, platformName: IOS}\nSession ID: 773761f0-fbbd-46b0-8d95-79bf4761894c\n\tat jdk.internal.reflect.GeneratedConstructorAccessor19.newInstance(Unknown Source)\n\tat java.base/jdk.internal.reflect.DelegatingConstructorAccessorImpl.newInstance(DelegatingConstructorAccessorImpl.java:45)\n\tat java.base/java.lang.reflect.Constructor.newInstance(Constructor.java:490)\n\tat org.openqa.selenium.remote.codec.w3c.W3CHttpResponseCodec.createException(W3CHttpResponseCodec.java:200)\n\tat org.openqa.selenium.remote.codec.w3c.W3CHttpResponseCodec.decode(W3CHttpResponseCodec.java:133)\n\tat org.openqa.selenium.remote.codec.w3c.W3CHttpResponseCodec.decode(W3CHttpResponseCodec.java:52)\n\tat org.openqa.selenium.remote.HttpCommandExecutor.execute(HttpCommandExecutor.java:191)\n\tat io.appium.java_client.remote.AppiumCommandExecutor.execute(AppiumCommandExecutor.java:238)\n\tat org.openqa.selenium.remote.RemoteWebDriver.execute(RemoteWebDriver.java:607)\n\tat org.openqa.selenium.remote.ElementLocation$ElementFinder$2.findElement(ElementLocation.java:165)\n\tat org.openqa.selenium.remote.ElementLocation.findElement(ElementLocation.java:59)\n\tat org.openqa.selenium.remote.RemoteWebDriver.findElement(RemoteWebDriver.java:364)\n\tat org.openqa.selenium.remote.RemoteWebDriver.findElement(RemoteWebDriver.java:358)\n\tat org.example.utils.MobileTestUtils.assertElementText(MobileTestUtils.java:512)\n\tat org.example.pages.BtcAIApps.IOS.ChatPage.paraCekmeFlow(ChatPage.java:201)\n\tat org.example.tests.BtcAITests.IOS.ChatTest.testParaCekmeYeniHesapFlow(ChatTest.java:48)\n\tat java.base/jdk.internal.reflect.NativeMethodAccessorImpl.invoke0(Native Method)\n\tat java.base/jdk.internal.reflect.NativeMethodAccessorImpl.invoke(NativeMethodAccessorImpl.java:62)\n\tat java.base/jdk.internal.reflect.DelegatingMethodAccessorImpl.invoke(DelegatingMethodAccessorImpl.java:43)\n\tat java.base/java.lang.reflect.Method.invoke(Method.java:566)\n\tat org.testng.internal.invokers.MethodInvocationHelper.invokeMethod(MethodInvocationHelper.java:139)\n\tat org.testng.internal.invokers.TestInvoker.invokeMethod(TestInvoker.java:664)\n\tat org.testng.internal.invokers.TestInvoker.invokeTestMethod(TestInvoker.java:227)\n\tat org.testng.internal.invokers.MethodRunner.runInSequence(MethodRunner.java:50)\n\tat org.testng.internal.invokers.TestInvoker$MethodInvocationAgent.invoke(TestInvoker.java:957)\n\tat org.testng.internal.invokers.TestInvoker.invokeTestMethods(TestInvoker.java:200)\n\tat org.testng.internal.invokers.TestMethodWorker.invokeTestMethods(TestMethodWorker.java:148)\n\tat org.testng.internal.invokers.TestMethodWorker.run(TestMethodWorker.java:128)\n\tat java.base/java.util.ArrayList.forEach(ArrayList.java:1541)\n\tat org.testng.TestRunner.privateRun(TestRunner.java:848)\n\tat org.testng.TestRunner.run(TestRunner.java:621)\n\tat org.testng.SuiteRunner.runTest(SuiteRunner.java:443)\n\tat org.testng.SuiteRunner$SuiteWorker.run(SuiteRunner.java:481)\n\tat org.testng.internal.thread.ThreadUtil.lambda$execute$0(ThreadUtil.java:58)\n\tat java.base/java.util.concurrent.FutureTask.run(FutureTask.java:264)\n\tat java.base/java.util.concurrent.ThreadPoolExecutor.runWorker(ThreadPoolExecutor.java:1128)\n\tat java.base/java.util.concurrent.ThreadPoolExecutor$Worker.run(ThreadPoolExecutor.java:628)\n\tat java.base/java.lang.Thread.run(Thread.java:834)\n","steps":[],"attachments":[{"uid":"af3b33b8ce4600a0","name":"[INFO] clickIfExists: AppiumBy.accessibilityId: Keyboard - Screenshot","source":"af3b33b8ce4600a0.png","type":"image/png","size":339221},{"uid":"8a71711e48bceb0a","name":"[INFO]  tapCenter - Screenshot","source":"8a71711e48bceb0a.png","type":"image/png","size":269024},{"uid":"438231c67822d013","name":"[INFO] Döngü Sonu Input Value - Screenshot","source":"438231c67822d013.png","type":"image/png","size":269087},{"uid":"88f2138f6ea73add","name":"[INFO] inputValue-success - Screenshot","source":"88f2138f6ea73add.png","type":"image/png","size":278782},{"uid":"7927dde15c719b0a","name":"[INFO] ... - Screenshot","source":"7927dde15c719b0a.png","type":"image/png","size":289161},{"uid":"e02278f561c83bd9","name":"[INFO] ... - Screenshot","source":"e02278f561c83bd9.png","type":"image/png","size":316070},{"uid":"85a05e4f6d87f24d","name":"[INFO] Döngü Sonu Input Value - Screenshot","source":"85a05e4f6d87f24d.png","type":"image/png","size":281200},{"uid":"db7bb2465287ff14","name":"[INFO] inputValue-success - Screenshot","source":"db7bb2465287ff14.png","type":"image/png","size":281361},{"uid":"aa28bb1067351c60","name":"[INFO]  tapCenter - Screenshot","source":"aa28bb1067351c60.png","type":"image/png","size":283702}],"parameters":[],"stepsCount":0,"shouldDisplayMessage":true,"attachmentsCount":9,"hasContent":true,"attachmentStep":false},"afterStages":[{"name":"afterTestMethod","time":{"start":1751223064898,"stop":1751223066036,"duration":1138},"description":"","status":"passed","steps":[{"name":"[ERROR] ❌ TEST FAILED: testParaCekmeYeniHesapFlow","time":{"start":1751223066030,"stop":1751223066030,"duration":0},"status":"passed","steps":[],"attachments":[],"parameters":[],"stepsCount":0,"shouldDisplayMessage":false,"attachmentsCount":0,"hasContent":false,"attachmentStep":false},{"name":"[INFO] [END] Test: testParaCekmeYeniHesapFlow","time":{"start":1751223066035,"stop":1751223066035,"duration":0},"status":"passed","steps":[],"attachments":[],"parameters":[],"stepsCount":0,"shouldDisplayMessage":false,"attachmentsCount":0,"hasContent":false,"attachmentStep":false}],"attachments":[{"uid":"f96dc647e16d94cc","name":"[ERROR] \uD83D\uDD34 Test Hatalı: testParaCekmeYeniHesapFlow - Screenshot","source":"f96dc647e16d94cc.png","type":"image/png","size":282357},{"uid":"bb453e3fb9e8ef6e","name":"[ERROR] Log","source":"bb453e3fb9e8ef6e.txt","type":"text/plain","size":1399},{"uid":"8b014b0d4d62bb33","name":"[ERROR]","source":"8b014b0d4d62bb33.txt","type":"text/plain","size":43},{"uid":"51df0fb7afc41497","name":"[INFO]","source":"51df0fb7afc41497.txt","type":"text/plain","size":38}],"parameters":[],"stepsCount":2,"shouldDisplayMessage":false,"attachmentsCount":4,"hasContent":true,"attachmentStep":false}],"labels":[{"name":"package","value":"org.example.tests.BtcAITests.IOS.ChatTest"},{"name":"testClass","value":"org.example.tests.BtcAITests.IOS.ChatTest"},{"name":"testMethod","value":"testParaCekmeYeniHesapFlow"},{"name":"parentSuite","value":"CloudIosParallelSuite"},{"name":"suite","value":"iPhone 13 Pro Max"},{"name":"subSuite","value":"org.example.tests.BtcAITests.IOS.ChatTest"},{"name":"host","value":"192.168.1.13"},{"name":"thread","value":"41726@192.168.1.13.TestNG-tests-2(23)"},{"name":"framework","value":"testng"},{"name":"language","value":"java"},{"name":"resultFormat","value":"allure2"}],"parameters":[{"name":"appPath","value":"ms://bf8d3b3e7299462987f7748d0b8211ab"},{"name":"deviceId","value":"4002"},{"name":"platform","value":"ios"},{"name":"runMode","value":"CLOUD"}],"links":[],"hidden":false,"retry":false,"extra":{"severity":"normal","retries":[],"categories":[{"name":"Test defects","matchedStatuses":[],"flaky":false}],"tags":[]},"source":"aca2a4bd0a0deb6a.json","parameterValues":["ms://bf8d3b3e7299462987f7748d0b8211ab","4002","ios","CLOUD"]}