{"uid":"7681d87bfa2fafe1","name":"Para Çekme Yeni Hesap","fullName":"org.example.tests.BtcAITests.IOS.ChatTest.testParaCekmeYeniHesapFlow","historyId":"de28d84d8d07fc7a2ccb7b28eb925579","time":{"start":1751886074670,"stop":1751886131835,"duration":57165},"status":"broken","statusMessage":"❌ Element not clickable: By.xpath: (//XCUIElementTypeStaticText[@name='naim yapi kredi'])[1]","statusTrace":"java.lang.RuntimeException: ❌ Element not clickable: By.xpath: (//XCUIElementTypeStaticText[@name='naim yapi kredi'])[1]\n\tat org.example.utils.MobileTestUtils.waitAndClick(MobileTestUtils.java:108)\n\tat org.example.pages.BtcAIApps.IOS.ChatPage.paraCekmeFlow(ChatPage.java:190)\n\tat org.example.tests.BtcAITests.IOS.ChatTest.testParaCekmeYeniHesapFlow(ChatTest.java:48)\n\tat java.base/jdk.internal.reflect.NativeMethodAccessorImpl.invoke0(Native Method)\n\tat java.base/jdk.internal.reflect.NativeMethodAccessorImpl.invoke(NativeMethodAccessorImpl.java:62)\n\tat java.base/jdk.internal.reflect.DelegatingMethodAccessorImpl.invoke(DelegatingMethodAccessorImpl.java:43)\n\tat java.base/java.lang.reflect.Method.invoke(Method.java:566)\n\tat org.testng.internal.invokers.MethodInvocationHelper.invokeMethod(MethodInvocationHelper.java:139)\n\tat org.testng.internal.invokers.TestInvoker.invokeMethod(TestInvoker.java:664)\n\tat org.testng.internal.invokers.TestInvoker.invokeTestMethod(TestInvoker.java:227)\n\tat org.testng.internal.invokers.MethodRunner.runInSequence(MethodRunner.java:50)\n\tat org.testng.internal.invokers.TestInvoker$MethodInvocationAgent.invoke(TestInvoker.java:957)\n\tat org.testng.internal.invokers.TestInvoker.invokeTestMethods(TestInvoker.java:200)\n\tat org.testng.internal.invokers.TestMethodWorker.invokeTestMethods(TestMethodWorker.java:148)\n\tat org.testng.internal.invokers.TestMethodWorker.run(TestMethodWorker.java:128)\n\tat java.base/java.util.ArrayList.forEach(ArrayList.java:1541)\n\tat org.testng.TestRunner.privateRun(TestRunner.java:848)\n\tat org.testng.TestRunner.run(TestRunner.java:621)\n\tat org.testng.SuiteRunner.runTest(SuiteRunner.java:443)\n\tat org.testng.SuiteRunner$SuiteWorker.run(SuiteRunner.java:481)\n\tat org.testng.internal.thread.ThreadUtil.lambda$execute$0(ThreadUtil.java:58)\n\tat java.base/java.util.concurrent.FutureTask.run(FutureTask.java:264)\n\tat java.base/java.util.concurrent.ThreadPoolExecutor.runWorker(ThreadPoolExecutor.java:1128)\n\tat java.base/java.util.concurrent.ThreadPoolExecutor$Worker.run(ThreadPoolExecutor.java:628)\n\tat java.base/java.lang.Thread.run(Thread.java:834)\nCaused by: org.openqa.selenium.TimeoutException: Expected condition failed: waiting for element to be clickable: By.xpath: (//XCUIElementTypeStaticText[@name='naim yapi kredi'])[1] (tried for 5 second(s) with 500 milliseconds interval)\nBuild info: version: '4.15.0', revision: '1d14b5521b'\nSystem info: os.name: 'Mac OS X', os.arch: 'x86_64', os.version: '13.5.2', java.version: '11.0.15.1'\nDriver info: io.appium.java_client.ios.IOSDriver\nCapabilities {appium:app: https://console.momentumsui..., appium:autoAcceptAlerts: true, appium:autoDismissAlerts: true, appium:automationName: XCUITest, appium:databaseEnabled: false, appium:deviceName: 00008120-000264103433401E, appium:fullReset: true, appium:javascriptEnabled: true, appium:language: tr, appium:locale: tr_TR, appium:locationContextEnabled: false, appium:networkConnectionEnabled: false, appium:noReset: false, appium:takesScreenshot: true, appium:udid: 00008120-000264103433401E, appium:wdaLocalPort: 6060, appium:webStorageEnabled: false, appium:webkitDebugProxyPort: 6060, momentum:options: {gw: 4060, token: sncR7c22hHt4rSiaFuE2y1El52R..., user: hakan.tektas@mobven.com}, platformName: IOS}\nSession ID: ea595261-7779-49a9-b32c-7268ecfa6a4b\n\tat org.openqa.selenium.support.ui.WebDriverWait.timeoutException(WebDriverWait.java:84)\n\tat org.openqa.selenium.support.ui.FluentWait.until(FluentWait.java:229)\n\tat org.example.utils.MobileTestUtils.waitAndClick(MobileTestUtils.java:102)\n\t... 24 more\n","flaky":false,"newFailed":false,"newBroken":false,"newPassed":false,"retriesCount":1,"retriesStatusChange":false,"beforeStages":[],"testStage":{"status":"broken","statusMessage":"❌ Element not clickable: By.xpath: (//XCUIElementTypeStaticText[@name='naim yapi kredi'])[1]","statusTrace":"java.lang.RuntimeException: ❌ Element not clickable: By.xpath: (//XCUIElementTypeStaticText[@name='naim yapi kredi'])[1]\n\tat org.example.utils.MobileTestUtils.waitAndClick(MobileTestUtils.java:108)\n\tat org.example.pages.BtcAIApps.IOS.ChatPage.paraCekmeFlow(ChatPage.java:190)\n\tat org.example.tests.BtcAITests.IOS.ChatTest.testParaCekmeYeniHesapFlow(ChatTest.java:48)\n\tat java.base/jdk.internal.reflect.NativeMethodAccessorImpl.invoke0(Native Method)\n\tat java.base/jdk.internal.reflect.NativeMethodAccessorImpl.invoke(NativeMethodAccessorImpl.java:62)\n\tat java.base/jdk.internal.reflect.DelegatingMethodAccessorImpl.invoke(DelegatingMethodAccessorImpl.java:43)\n\tat java.base/java.lang.reflect.Method.invoke(Method.java:566)\n\tat org.testng.internal.invokers.MethodInvocationHelper.invokeMethod(MethodInvocationHelper.java:139)\n\tat org.testng.internal.invokers.TestInvoker.invokeMethod(TestInvoker.java:664)\n\tat org.testng.internal.invokers.TestInvoker.invokeTestMethod(TestInvoker.java:227)\n\tat org.testng.internal.invokers.MethodRunner.runInSequence(MethodRunner.java:50)\n\tat org.testng.internal.invokers.TestInvoker$MethodInvocationAgent.invoke(TestInvoker.java:957)\n\tat org.testng.internal.invokers.TestInvoker.invokeTestMethods(TestInvoker.java:200)\n\tat org.testng.internal.invokers.TestMethodWorker.invokeTestMethods(TestMethodWorker.java:148)\n\tat org.testng.internal.invokers.TestMethodWorker.run(TestMethodWorker.java:128)\n\tat java.base/java.util.ArrayList.forEach(ArrayList.java:1541)\n\tat org.testng.TestRunner.privateRun(TestRunner.java:848)\n\tat org.testng.TestRunner.run(TestRunner.java:621)\n\tat org.testng.SuiteRunner.runTest(SuiteRunner.java:443)\n\tat org.testng.SuiteRunner$SuiteWorker.run(SuiteRunner.java:481)\n\tat org.testng.internal.thread.ThreadUtil.lambda$execute$0(ThreadUtil.java:58)\n\tat java.base/java.util.concurrent.FutureTask.run(FutureTask.java:264)\n\tat java.base/java.util.concurrent.ThreadPoolExecutor.runWorker(ThreadPoolExecutor.java:1128)\n\tat java.base/java.util.concurrent.ThreadPoolExecutor$Worker.run(ThreadPoolExecutor.java:628)\n\tat java.base/java.lang.Thread.run(Thread.java:834)\nCaused by: org.openqa.selenium.TimeoutException: Expected condition failed: waiting for element to be clickable: By.xpath: (//XCUIElementTypeStaticText[@name='naim yapi kredi'])[1] (tried for 5 second(s) with 500 milliseconds interval)\nBuild info: version: '4.15.0', revision: '1d14b5521b'\nSystem info: os.name: 'Mac OS X', os.arch: 'x86_64', os.version: '13.5.2', java.version: '11.0.15.1'\nDriver info: io.appium.java_client.ios.IOSDriver\nCapabilities {appium:app: https://console.momentumsui..., appium:autoAcceptAlerts: true, appium:autoDismissAlerts: true, appium:automationName: XCUITest, appium:databaseEnabled: false, appium:deviceName: 00008120-000264103433401E, appium:fullReset: true, appium:javascriptEnabled: true, appium:language: tr, appium:locale: tr_TR, appium:locationContextEnabled: false, appium:networkConnectionEnabled: false, appium:noReset: false, appium:takesScreenshot: true, appium:udid: 00008120-000264103433401E, appium:wdaLocalPort: 6060, appium:webStorageEnabled: false, appium:webkitDebugProxyPort: 6060, momentum:options: {gw: 4060, token: sncR7c22hHt4rSiaFuE2y1El52R..., user: hakan.tektas@mobven.com}, platformName: IOS}\nSession ID: ea595261-7779-49a9-b32c-7268ecfa6a4b\n\tat org.openqa.selenium.support.ui.WebDriverWait.timeoutException(WebDriverWait.java:84)\n\tat org.openqa.selenium.support.ui.FluentWait.until(FluentWait.java:229)\n\tat org.example.utils.MobileTestUtils.waitAndClick(MobileTestUtils.java:102)\n\t... 24 more\n","steps":[],"attachments":[{"uid":"6c3adb8719d61b5c","name":"[INFO] clickIfExists: AppiumBy.accessibilityId: Keyboard - Screenshot","source":"6c3adb8719d61b5c.png","type":"image/png","size":456325},{"uid":"a1219f5d163ae523","name":"[INFO]  tapCenter - Screenshot","source":"a1219f5d163ae523.png","type":"image/png","size":497652},{"uid":"45cae1313be6ea5b","name":"[INFO] Döngü Sonu Input Value - Screenshot","source":"45cae1313be6ea5b.png","type":"image/png","size":496673},{"uid":"9d59aeaa85eb964f","name":"[INFO] inputValue-success - Screenshot","source":"9d59aeaa85eb964f.png","type":"image/png","size":512183},{"uid":"fcdcbadf8cef4197","name":"[INFO] ... - Screenshot","source":"fcdcbadf8cef4197.png","type":"image/png","size":544126}],"parameters":[],"stepsCount":0,"shouldDisplayMessage":true,"attachmentsCount":5,"hasContent":true,"attachmentStep":false},"afterStages":[],"labels":[{"name":"package","value":"org.example.tests.BtcAITests.IOS.ChatTest"},{"name":"testClass","value":"org.example.tests.BtcAITests.IOS.ChatTest"},{"name":"testMethod","value":"testParaCekmeYeniHesapFlow"},{"name":"parentSuite","value":"CloudIosParallelSuite"},{"name":"suite","value":"iPhone 15"},{"name":"subSuite","value":"org.example.tests.BtcAITests.IOS.ChatTest"},{"name":"host","value":"hakan.local"},{"name":"thread","value":"55691@hakan.local.TestNG-tests-1(22)"},{"name":"framework","value":"testng"},{"name":"language","value":"java"},{"name":"resultFormat","value":"allure2"}],"parameters":[{"name":"appPath","value":"ms://bf8d3b3e7299462987f7748d0b8211ab"},{"name":"deviceId","value":"4060"},{"name":"platform","value":"ios"},{"name":"runMode","value":"CLOUD"}],"links":[],"hidden":false,"retry":false,"extra":{"severity":"normal","retries":[{"uid":"9d7996c2bed0d7d","status":"broken","statusDetails":"An element could not be located on the page using the given search parameters.\nFor documentation on this error, please visit: https://www.selenium.dev/documentation/webdriver/troubleshooting/errors#no-such-element-exception\nBuild info: version: '4.15.0', revision: '1d14b5521b'\nSystem info: os.name: 'Mac OS X', os.arch: 'x86_64', os.version: '13.5.2', java.version: '11.0.15.1'\nDriver info: io.appium.java_client.ios.IOSDriver\nCommand: [002b143a-36bf-415d-8ab2-7297e8d2b8ca, findElement {using=accessibility id, value=Hesabınızdan para çekme işlemi gerçekleşti.}]\nCapabilities {appium:app: https://console.momentumsui..., appium:autoAcceptAlerts: true, appium:autoDismissAlerts: true, appium:automationName: XCUITest, appium:databaseEnabled: false, appium:deviceName: 00008120-000264103433401E, appium:fullReset: true, appium:javascriptEnabled: true, appium:language: tr, appium:locale: tr_TR, appium:locationContextEnabled: false, appium:networkConnectionEnabled: false, appium:noReset: false, appium:takesScreenshot: true, appium:udid: 00008120-000264103433401E, appium:wdaLocalPort: 6060, appium:webStorageEnabled: false, appium:webkitDebugProxyPort: 6060, momentum:options: {gw: 4060, token: sncR7c22hHt4rSiaFuE2y1El52R..., user: hakan.tektas@mobven.com}, platformName: IOS}\nSession ID: 002b143a-36bf-415d-8ab2-7297e8d2b8ca","time":{"start":1751224221414,"stop":1751224311243,"duration":89829}}],"categories":[{"name":"Test defects","matchedStatuses":[],"flaky":false}],"history":{"statistic":{"failed":0,"broken":2,"skipped":0,"passed":0,"unknown":0,"total":2},"items":[{"uid":"8a93f609d7160461","reportUrl":"../1/index.html#testresult/8a93f609d7160461","status":"broken","statusDetails":"An element could not be located on the page using the given search parameters.\nFor documentation on this error, please visit: https://www.selenium.dev/documentation/webdriver/troubleshooting/errors#no-such-element-exception\nBuild info: version: '4.15.0', revision: '1d14b5521b'\nSystem info: os.name: 'Mac OS X', os.arch: 'x86_64', os.version: '13.5.2', java.version: '11.0.15.1'\nDriver info: io.appium.java_client.ios.IOSDriver\nCommand: [002b143a-36bf-415d-8ab2-7297e8d2b8ca, findElement {using=accessibility id, value=Hesabınızdan para çekme işlemi gerçekleşti.}]\nCapabilities {appium:app: https://console.momentumsui..., appium:autoAcceptAlerts: true, appium:autoDismissAlerts: true, appium:automationName: XCUITest, appium:databaseEnabled: false, appium:deviceName: 00008120-000264103433401E, appium:fullReset: true, appium:javascriptEnabled: true, appium:language: tr, appium:locale: tr_TR, appium:locationContextEnabled: false, appium:networkConnectionEnabled: false, appium:noReset: false, appium:takesScreenshot: true, appium:udid: 00008120-000264103433401E, appium:wdaLocalPort: 6060, appium:webStorageEnabled: false, appium:webkitDebugProxyPort: 6060, momentum:options: {gw: 4060, token: sncR7c22hHt4rSiaFuE2y1El52R..., user: hakan.tektas@mobven.com}, platformName: IOS}\nSession ID: 002b143a-36bf-415d-8ab2-7297e8d2b8ca","time":{"start":1751224221414,"stop":1751224311243,"duration":89829}}]},"tags":[]},"source":"7681d87bfa2fafe1.json","parameterValues":["ms://bf8d3b3e7299462987f7748d0b8211ab","4060","ios","CLOUD"]}