{"uid":"9de0ccd7fa04a501","name":"Piyasa emir tipinde Bitcoin Alma İşlemi","fullName":"org.example.tests.BtcAITests.IOS.ChatTest.buyBitcoinWithMarketOrder","historyId":"90127f3cf6d1e965b7b38dc279111cde","time":{"start":1751886415508,"stop":1751886502903,"duration":87395},"status":"broken","statusMessage":"An element could not be located on the page using the given search parameters.\nFor documentation on this error, please visit: https://www.selenium.dev/documentation/webdriver/troubleshooting/errors#no-such-element-exception\nBuild info: version: '4.15.0', revision: '1d14b5521b'\nSystem info: os.name: 'Mac OS X', os.arch: 'x86_64', os.version: '13.5.2', java.version: '11.0.15.1'\nDriver info: io.appium.java_client.ios.IOSDriver\nCommand: [ea595261-7779-49a9-b32c-7268ecfa6a4b, findElement {using=accessibility id, value=İşlem başarıyla gerçekleştirildi}]\nCapabilities {appium:app: https://console.momentumsui..., appium:autoAcceptAlerts: true, appium:autoDismissAlerts: true, appium:automationName: XCUITest, appium:databaseEnabled: false, appium:deviceName: 00008120-000264103433401E, appium:fullReset: true, appium:javascriptEnabled: true, appium:language: tr, appium:locale: tr_TR, appium:locationContextEnabled: false, appium:networkConnectionEnabled: false, appium:noReset: false, appium:takesScreenshot: true, appium:udid: 00008120-000264103433401E, appium:wdaLocalPort: 6060, appium:webStorageEnabled: false, appium:webkitDebugProxyPort: 6060, momentum:options: {gw: 4060, token: sncR7c22hHt4rSiaFuE2y1El52R..., user: hakan.tektas@mobven.com}, platformName: IOS}\nSession ID: ea595261-7779-49a9-b32c-7268ecfa6a4b","statusTrace":"org.openqa.selenium.NoSuchElementException: An element could not be located on the page using the given search parameters.\nFor documentation on this error, please visit: https://www.selenium.dev/documentation/webdriver/troubleshooting/errors#no-such-element-exception\nBuild info: version: '4.15.0', revision: '1d14b5521b'\nSystem info: os.name: 'Mac OS X', os.arch: 'x86_64', os.version: '13.5.2', java.version: '11.0.15.1'\nDriver info: io.appium.java_client.ios.IOSDriver\nCommand: [ea595261-7779-49a9-b32c-7268ecfa6a4b, findElement {using=accessibility id, value=İşlem başarıyla gerçekleştirildi}]\nCapabilities {appium:app: https://console.momentumsui..., appium:autoAcceptAlerts: true, appium:autoDismissAlerts: true, appium:automationName: XCUITest, appium:databaseEnabled: false, appium:deviceName: 00008120-000264103433401E, appium:fullReset: true, appium:javascriptEnabled: true, appium:language: tr, appium:locale: tr_TR, appium:locationContextEnabled: false, appium:networkConnectionEnabled: false, appium:noReset: false, appium:takesScreenshot: true, appium:udid: 00008120-000264103433401E, appium:wdaLocalPort: 6060, appium:webStorageEnabled: false, appium:webkitDebugProxyPort: 6060, momentum:options: {gw: 4060, token: sncR7c22hHt4rSiaFuE2y1El52R..., user: hakan.tektas@mobven.com}, platformName: IOS}\nSession ID: ea595261-7779-49a9-b32c-7268ecfa6a4b\n\tat jdk.internal.reflect.GeneratedConstructorAccessor19.newInstance(Unknown Source)\n\tat java.base/jdk.internal.reflect.DelegatingConstructorAccessorImpl.newInstance(DelegatingConstructorAccessorImpl.java:45)\n\tat java.base/java.lang.reflect.Constructor.newInstance(Constructor.java:490)\n\tat org.openqa.selenium.remote.codec.w3c.W3CHttpResponseCodec.createException(W3CHttpResponseCodec.java:200)\n\tat org.openqa.selenium.remote.codec.w3c.W3CHttpResponseCodec.decode(W3CHttpResponseCodec.java:133)\n\tat org.openqa.selenium.remote.codec.w3c.W3CHttpResponseCodec.decode(W3CHttpResponseCodec.java:52)\n\tat org.openqa.selenium.remote.HttpCommandExecutor.execute(HttpCommandExecutor.java:191)\n\tat io.appium.java_client.remote.AppiumCommandExecutor.execute(AppiumCommandExecutor.java:238)\n\tat org.openqa.selenium.remote.RemoteWebDriver.execute(RemoteWebDriver.java:607)\n\tat org.openqa.selenium.remote.ElementLocation$ElementFinder$2.findElement(ElementLocation.java:165)\n\tat org.openqa.selenium.remote.ElementLocation.findElement(ElementLocation.java:59)\n\tat org.openqa.selenium.remote.RemoteWebDriver.findElement(RemoteWebDriver.java:364)\n\tat org.openqa.selenium.remote.RemoteWebDriver.findElement(RemoteWebDriver.java:358)\n\tat org.example.pages.BtcAIApps.IOS.ChatPage.buyBitcoinWithMarketOrder(ChatPage.java:272)\n\tat org.example.tests.BtcAITests.IOS.ChatTest.buyBitcoinWithMarketOrder(ChatTest.java:64)\n\tat java.base/jdk.internal.reflect.NativeMethodAccessorImpl.invoke0(Native Method)\n\tat java.base/jdk.internal.reflect.NativeMethodAccessorImpl.invoke(NativeMethodAccessorImpl.java:62)\n\tat java.base/jdk.internal.reflect.DelegatingMethodAccessorImpl.invoke(DelegatingMethodAccessorImpl.java:43)\n\tat java.base/java.lang.reflect.Method.invoke(Method.java:566)\n\tat org.testng.internal.invokers.MethodInvocationHelper.invokeMethod(MethodInvocationHelper.java:139)\n\tat org.testng.internal.invokers.TestInvoker.invokeMethod(TestInvoker.java:664)\n\tat org.testng.internal.invokers.TestInvoker.invokeTestMethod(TestInvoker.java:227)\n\tat org.testng.internal.invokers.MethodRunner.runInSequence(MethodRunner.java:50)\n\tat org.testng.internal.invokers.TestInvoker$MethodInvocationAgent.invoke(TestInvoker.java:957)\n\tat org.testng.internal.invokers.TestInvoker.invokeTestMethods(TestInvoker.java:200)\n\tat org.testng.internal.invokers.TestMethodWorker.invokeTestMethods(TestMethodWorker.java:148)\n\tat org.testng.internal.invokers.TestMethodWorker.run(TestMethodWorker.java:128)\n\tat java.base/java.util.ArrayList.forEach(ArrayList.java:1541)\n\tat org.testng.TestRunner.privateRun(TestRunner.java:848)\n\tat org.testng.TestRunner.run(TestRunner.java:621)\n\tat org.testng.SuiteRunner.runTest(SuiteRunner.java:443)\n\tat org.testng.SuiteRunner$SuiteWorker.run(SuiteRunner.java:481)\n\tat org.testng.internal.thread.ThreadUtil.lambda$execute$0(ThreadUtil.java:58)\n\tat java.base/java.util.concurrent.FutureTask.run(FutureTask.java:264)\n\tat java.base/java.util.concurrent.ThreadPoolExecutor.runWorker(ThreadPoolExecutor.java:1128)\n\tat java.base/java.util.concurrent.ThreadPoolExecutor$Worker.run(ThreadPoolExecutor.java:628)\n\tat java.base/java.lang.Thread.run(Thread.java:834)\n","flaky":false,"newFailed":false,"newBroken":false,"newPassed":false,"retriesCount":1,"retriesStatusChange":false,"beforeStages":[],"testStage":{"status":"broken","statusMessage":"An element could not be located on the page using the given search parameters.\nFor documentation on this error, please visit: https://www.selenium.dev/documentation/webdriver/troubleshooting/errors#no-such-element-exception\nBuild info: version: '4.15.0', revision: '1d14b5521b'\nSystem info: os.name: 'Mac OS X', os.arch: 'x86_64', os.version: '13.5.2', java.version: '11.0.15.1'\nDriver info: io.appium.java_client.ios.IOSDriver\nCommand: [ea595261-7779-49a9-b32c-7268ecfa6a4b, findElement {using=accessibility id, value=İşlem başarıyla gerçekleştirildi}]\nCapabilities {appium:app: https://console.momentumsui..., appium:autoAcceptAlerts: true, appium:autoDismissAlerts: true, appium:automationName: XCUITest, appium:databaseEnabled: false, appium:deviceName: 00008120-000264103433401E, appium:fullReset: true, appium:javascriptEnabled: true, appium:language: tr, appium:locale: tr_TR, appium:locationContextEnabled: false, appium:networkConnectionEnabled: false, appium:noReset: false, appium:takesScreenshot: true, appium:udid: 00008120-000264103433401E, appium:wdaLocalPort: 6060, appium:webStorageEnabled: false, appium:webkitDebugProxyPort: 6060, momentum:options: {gw: 4060, token: sncR7c22hHt4rSiaFuE2y1El52R..., user: hakan.tektas@mobven.com}, platformName: IOS}\nSession ID: ea595261-7779-49a9-b32c-7268ecfa6a4b","statusTrace":"org.openqa.selenium.NoSuchElementException: An element could not be located on the page using the given search parameters.\nFor documentation on this error, please visit: https://www.selenium.dev/documentation/webdriver/troubleshooting/errors#no-such-element-exception\nBuild info: version: '4.15.0', revision: '1d14b5521b'\nSystem info: os.name: 'Mac OS X', os.arch: 'x86_64', os.version: '13.5.2', java.version: '11.0.15.1'\nDriver info: io.appium.java_client.ios.IOSDriver\nCommand: [ea595261-7779-49a9-b32c-7268ecfa6a4b, findElement {using=accessibility id, value=İşlem başarıyla gerçekleştirildi}]\nCapabilities {appium:app: https://console.momentumsui..., appium:autoAcceptAlerts: true, appium:autoDismissAlerts: true, appium:automationName: XCUITest, appium:databaseEnabled: false, appium:deviceName: 00008120-000264103433401E, appium:fullReset: true, appium:javascriptEnabled: true, appium:language: tr, appium:locale: tr_TR, appium:locationContextEnabled: false, appium:networkConnectionEnabled: false, appium:noReset: false, appium:takesScreenshot: true, appium:udid: 00008120-000264103433401E, appium:wdaLocalPort: 6060, appium:webStorageEnabled: false, appium:webkitDebugProxyPort: 6060, momentum:options: {gw: 4060, token: sncR7c22hHt4rSiaFuE2y1El52R..., user: hakan.tektas@mobven.com}, platformName: IOS}\nSession ID: ea595261-7779-49a9-b32c-7268ecfa6a4b\n\tat jdk.internal.reflect.GeneratedConstructorAccessor19.newInstance(Unknown Source)\n\tat java.base/jdk.internal.reflect.DelegatingConstructorAccessorImpl.newInstance(DelegatingConstructorAccessorImpl.java:45)\n\tat java.base/java.lang.reflect.Constructor.newInstance(Constructor.java:490)\n\tat org.openqa.selenium.remote.codec.w3c.W3CHttpResponseCodec.createException(W3CHttpResponseCodec.java:200)\n\tat org.openqa.selenium.remote.codec.w3c.W3CHttpResponseCodec.decode(W3CHttpResponseCodec.java:133)\n\tat org.openqa.selenium.remote.codec.w3c.W3CHttpResponseCodec.decode(W3CHttpResponseCodec.java:52)\n\tat org.openqa.selenium.remote.HttpCommandExecutor.execute(HttpCommandExecutor.java:191)\n\tat io.appium.java_client.remote.AppiumCommandExecutor.execute(AppiumCommandExecutor.java:238)\n\tat org.openqa.selenium.remote.RemoteWebDriver.execute(RemoteWebDriver.java:607)\n\tat org.openqa.selenium.remote.ElementLocation$ElementFinder$2.findElement(ElementLocation.java:165)\n\tat org.openqa.selenium.remote.ElementLocation.findElement(ElementLocation.java:59)\n\tat org.openqa.selenium.remote.RemoteWebDriver.findElement(RemoteWebDriver.java:364)\n\tat org.openqa.selenium.remote.RemoteWebDriver.findElement(RemoteWebDriver.java:358)\n\tat org.example.pages.BtcAIApps.IOS.ChatPage.buyBitcoinWithMarketOrder(ChatPage.java:272)\n\tat org.example.tests.BtcAITests.IOS.ChatTest.buyBitcoinWithMarketOrder(ChatTest.java:64)\n\tat java.base/jdk.internal.reflect.NativeMethodAccessorImpl.invoke0(Native Method)\n\tat java.base/jdk.internal.reflect.NativeMethodAccessorImpl.invoke(NativeMethodAccessorImpl.java:62)\n\tat java.base/jdk.internal.reflect.DelegatingMethodAccessorImpl.invoke(DelegatingMethodAccessorImpl.java:43)\n\tat java.base/java.lang.reflect.Method.invoke(Method.java:566)\n\tat org.testng.internal.invokers.MethodInvocationHelper.invokeMethod(MethodInvocationHelper.java:139)\n\tat org.testng.internal.invokers.TestInvoker.invokeMethod(TestInvoker.java:664)\n\tat org.testng.internal.invokers.TestInvoker.invokeTestMethod(TestInvoker.java:227)\n\tat org.testng.internal.invokers.MethodRunner.runInSequence(MethodRunner.java:50)\n\tat org.testng.internal.invokers.TestInvoker$MethodInvocationAgent.invoke(TestInvoker.java:957)\n\tat org.testng.internal.invokers.TestInvoker.invokeTestMethods(TestInvoker.java:200)\n\tat org.testng.internal.invokers.TestMethodWorker.invokeTestMethods(TestMethodWorker.java:148)\n\tat org.testng.internal.invokers.TestMethodWorker.run(TestMethodWorker.java:128)\n\tat java.base/java.util.ArrayList.forEach(ArrayList.java:1541)\n\tat org.testng.TestRunner.privateRun(TestRunner.java:848)\n\tat org.testng.TestRunner.run(TestRunner.java:621)\n\tat org.testng.SuiteRunner.runTest(SuiteRunner.java:443)\n\tat org.testng.SuiteRunner$SuiteWorker.run(SuiteRunner.java:481)\n\tat org.testng.internal.thread.ThreadUtil.lambda$execute$0(ThreadUtil.java:58)\n\tat java.base/java.util.concurrent.FutureTask.run(FutureTask.java:264)\n\tat java.base/java.util.concurrent.ThreadPoolExecutor.runWorker(ThreadPoolExecutor.java:1128)\n\tat java.base/java.util.concurrent.ThreadPoolExecutor$Worker.run(ThreadPoolExecutor.java:628)\n\tat java.base/java.lang.Thread.run(Thread.java:834)\n","steps":[],"attachments":[{"uid":"5ba2bfc4ea4d34d2","name":"[INFO] ... - Screenshot","source":"5ba2bfc4ea4d34d2.png","type":"image/png","size":462773},{"uid":"d3bd7bf03764b471","name":"[INFO] ... - Screenshot","source":"d3bd7bf03764b471.png","type":"image/png","size":495639},{"uid":"46cd942ea8713f0","name":"[INFO] Döngü Sonu Input Value - Screenshot","source":"46cd942ea8713f0.png","type":"image/png","size":497988},{"uid":"3288d52e5cde6349","name":"[INFO] inputValue-success - Screenshot","source":"3288d52e5cde6349.png","type":"image/png","size":509058},{"uid":"a52079d32d8aca90","name":"[INFO] ... - Screenshot","source":"a52079d32d8aca90.png","type":"image/png","size":541988},{"uid":"953f182f25b88f1","name":"[INFO] ... - Screenshot","source":"953f182f25b88f1.png","type":"image/png","size":626671},{"uid":"745636aab1e2de6b","name":"[INFO] ... - Screenshot","source":"745636aab1e2de6b.png","type":"image/png","size":509294},{"uid":"c3e1e83f37e79f5c","name":"[INFO] ... - Screenshot","source":"c3e1e83f37e79f5c.png","type":"image/png","size":744567},{"uid":"89aff21d37957037","name":"[INFO] ... - Screenshot","source":"89aff21d37957037.png","type":"image/png","size":789512},{"uid":"72b3981c4406cf46","name":"[INFO] ... - Screenshot","source":"72b3981c4406cf46.png","type":"image/png","size":587420},{"uid":"4c753377e29853c3","name":"[INFO] ... - Screenshot","source":"4c753377e29853c3.png","type":"image/png","size":749897},{"uid":"316837b5af992890","name":"[INFO] Döngü Sonu Input Value - Screenshot","source":"316837b5af992890.png","type":"image/png","size":747783},{"uid":"ab55323ff4e718ab","name":"[INFO] inputValue-success - Screenshot","source":"ab55323ff4e718ab.png","type":"image/png","size":749704},{"uid":"86ef4d62a6f219d7","name":"[INFO] ... - Screenshot","source":"86ef4d62a6f219d7.png","type":"image/png","size":739542},{"uid":"64a410f4c8595a77","name":"[INFO] ... - Screenshot","source":"64a410f4c8595a77.png","type":"image/png","size":558462},{"uid":"959f608d5a5dc53","name":"[INFO] ... - Screenshot","source":"959f608d5a5dc53.png","type":"image/png","size":783855}],"parameters":[],"stepsCount":0,"shouldDisplayMessage":true,"attachmentsCount":16,"hasContent":true,"attachmentStep":false},"afterStages":[],"labels":[{"name":"package","value":"org.example.tests.BtcAITests.IOS.ChatTest"},{"name":"testClass","value":"org.example.tests.BtcAITests.IOS.ChatTest"},{"name":"testMethod","value":"buyBitcoinWithMarketOrder"},{"name":"parentSuite","value":"CloudIosParallelSuite"},{"name":"suite","value":"iPhone 15"},{"name":"subSuite","value":"org.example.tests.BtcAITests.IOS.ChatTest"},{"name":"host","value":"hakan.local"},{"name":"thread","value":"55691@hakan.local.TestNG-tests-1(22)"},{"name":"framework","value":"testng"},{"name":"language","value":"java"},{"name":"resultFormat","value":"allure2"}],"parameters":[{"name":"appPath","value":"ms://bf8d3b3e7299462987f7748d0b8211ab"},{"name":"deviceId","value":"4060"},{"name":"platform","value":"ios"},{"name":"runMode","value":"CLOUD"}],"links":[],"hidden":false,"retry":false,"extra":{"severity":"normal","retries":[{"uid":"82329fdbcd96a9eb","status":"broken","statusDetails":"An element could not be located on the page using the given search parameters.\nFor documentation on this error, please visit: https://www.selenium.dev/documentation/webdriver/troubleshooting/errors#no-such-element-exception\nBuild info: version: '4.15.0', revision: '1d14b5521b'\nSystem info: os.name: 'Mac OS X', os.arch: 'x86_64', os.version: '13.5.2', java.version: '11.0.15.1'\nDriver info: io.appium.java_client.ios.IOSDriver\nCommand: [002b143a-36bf-415d-8ab2-7297e8d2b8ca, findElement {using=accessibility id, value=İşlem başarıyla gerçekleştirildi}]\nCapabilities {appium:app: https://console.momentumsui..., appium:autoAcceptAlerts: true, appium:autoDismissAlerts: true, appium:automationName: XCUITest, appium:databaseEnabled: false, appium:deviceName: 00008120-000264103433401E, appium:fullReset: true, appium:javascriptEnabled: true, appium:language: tr, appium:locale: tr_TR, appium:locationContextEnabled: false, appium:networkConnectionEnabled: false, appium:noReset: false, appium:takesScreenshot: true, appium:udid: 00008120-000264103433401E, appium:wdaLocalPort: 6060, appium:webStorageEnabled: false, appium:webkitDebugProxyPort: 6060, momentum:options: {gw: 4060, token: sncR7c22hHt4rSiaFuE2y1El52R..., user: hakan.tektas@mobven.com}, platformName: IOS}\nSession ID: 002b143a-36bf-415d-8ab2-7297e8d2b8ca","time":{"start":1751224555530,"stop":1751224633383,"duration":77853}}],"categories":[{"name":"Test defects","matchedStatuses":[],"flaky":false}],"history":{"statistic":{"failed":0,"broken":2,"skipped":0,"passed":0,"unknown":0,"total":2},"items":[{"uid":"34c22345f3ec506b","reportUrl":"../1/index.html#testresult/34c22345f3ec506b","status":"broken","statusDetails":"An element could not be located on the page using the given search parameters.\nFor documentation on this error, please visit: https://www.selenium.dev/documentation/webdriver/troubleshooting/errors#no-such-element-exception\nBuild info: version: '4.15.0', revision: '1d14b5521b'\nSystem info: os.name: 'Mac OS X', os.arch: 'x86_64', os.version: '13.5.2', java.version: '11.0.15.1'\nDriver info: io.appium.java_client.ios.IOSDriver\nCommand: [002b143a-36bf-415d-8ab2-7297e8d2b8ca, findElement {using=accessibility id, value=İşlem başarıyla gerçekleştirildi}]\nCapabilities {appium:app: https://console.momentumsui..., appium:autoAcceptAlerts: true, appium:autoDismissAlerts: true, appium:automationName: XCUITest, appium:databaseEnabled: false, appium:deviceName: 00008120-000264103433401E, appium:fullReset: true, appium:javascriptEnabled: true, appium:language: tr, appium:locale: tr_TR, appium:locationContextEnabled: false, appium:networkConnectionEnabled: false, appium:noReset: false, appium:takesScreenshot: true, appium:udid: 00008120-000264103433401E, appium:wdaLocalPort: 6060, appium:webStorageEnabled: false, appium:webkitDebugProxyPort: 6060, momentum:options: {gw: 4060, token: sncR7c22hHt4rSiaFuE2y1El52R..., user: hakan.tektas@mobven.com}, platformName: IOS}\nSession ID: 002b143a-36bf-415d-8ab2-7297e8d2b8ca","time":{"start":1751224555530,"stop":1751224633383,"duration":77853}}]},"tags":[]},"source":"9de0ccd7fa04a501.json","parameterValues":["ms://bf8d3b3e7299462987f7748d0b8211ab","4060","ios","CLOUD"]}